[debug] [2023-02-19T03:59:13.777Z] ----------------------------------------------------------------------
[debug] [2023-02-19T03:59:13.778Z] Command:       /opt/homebrew/Cellar/node/19.6.0/bin/node /opt/homebrew/bin/firebase deploy --only functions
[debug] [2023-02-19T03:59:13.779Z] CLI Version:   11.23.1
[debug] [2023-02-19T03:59:13.779Z] Platform:      darwin
[debug] [2023-02-19T03:59:13.779Z] Node Version:  v19.6.0
[debug] [2023-02-19T03:59:13.779Z] Time:          Sat Feb 18 2023 21:59:13 GMT-0600 (Central Standard Time)
[debug] [2023-02-19T03:59:13.779Z] ----------------------------------------------------------------------
[debug] 
[debug] [2023-02-19T03:59:13.780Z] >>> [apiv2][query] GET https://firebase-public.firebaseio.com/cli.json [none]
[debug] [2023-02-19T03:59:13.825Z] > command requires scopes: ["email","openid","https://www.googleapis.com/auth/cloudplatformprojects.readonly","https://www.googleapis.com/auth/firebase","https://www.googleapis.com/auth/cloud-platform"]
[debug] [2023-02-19T03:59:13.825Z] > authorizing via signed-in user (rnwldms@gmail.com)
[debug] [2023-02-19T03:59:13.825Z] [iam] checking project nerg-one for permissions ["cloudfunctions.functions.create","cloudfunctions.functions.delete","cloudfunctions.functions.get","cloudfunctions.functions.list","cloudfunctions.functions.update","cloudfunctions.operations.get","firebase.projects.get"]
[debug] [2023-02-19T03:59:13.826Z] > refreshing access token with scopes: []
[debug] [2023-02-19T03:59:13.826Z] >>> [apiv2][query] POST https://www.googleapis.com/oauth2/v3/token [none]
[debug] [2023-02-19T03:59:13.826Z] >>> [apiv2][body] POST https://www.googleapis.com/oauth2/v3/token [omitted]
[debug] [2023-02-19T03:59:13.979Z] <<< [apiv2][status] GET https://firebase-public.firebaseio.com/cli.json 200
[debug] [2023-02-19T03:59:13.979Z] <<< [apiv2][body] GET https://firebase-public.firebaseio.com/cli.json {"cloudBuildErrorAfter":1594252800000,"cloudBuildWarnAfter":1590019200000,"defaultNode10After":1594252800000,"minVersion":"3.0.5","node8DeploysDisabledAfter":1613390400000,"node8RuntimeDisabledAfter":1615809600000,"node8WarnAfter":1600128000000}
[debug] [2023-02-19T03:59:14.023Z] <<< [apiv2][status] POST https://www.googleapis.com/oauth2/v3/token 200
[debug] [2023-02-19T03:59:14.023Z] <<< [apiv2][body] POST https://www.googleapis.com/oauth2/v3/token [omitted]
[debug] [2023-02-19T03:59:14.034Z] >>> [apiv2][query] POST https://cloudresourcemanager.googleapis.com/v1/projects/nerg-one:testIamPermissions [none]
[debug] [2023-02-19T03:59:14.034Z] >>> [apiv2][(partial)header] POST https://cloudresourcemanager.googleapis.com/v1/projects/nerg-one:testIamPermissions x-goog-quota-user=projects/nerg-one
[debug] [2023-02-19T03:59:14.034Z] >>> [apiv2][body] POST https://cloudresourcemanager.googleapis.com/v1/projects/nerg-one:testIamPermissions {"permissions":["cloudfunctions.functions.create","cloudfunctions.functions.delete","cloudfunctions.functions.get","cloudfunctions.functions.list","cloudfunctions.functions.update","cloudfunctions.operations.get","firebase.projects.get"]}
[debug] [2023-02-19T03:59:14.237Z] <<< [apiv2][status] POST https://cloudresourcemanager.googleapis.com/v1/projects/nerg-one:testIamPermissions 200
[debug] [2023-02-19T03:59:14.237Z] <<< [apiv2][body] POST https://cloudresourcemanager.googleapis.com/v1/projects/nerg-one:testIamPermissions {"permissions":["cloudfunctions.functions.create","cloudfunctions.functions.delete","cloudfunctions.functions.get","cloudfunctions.functions.list","cloudfunctions.functions.update","cloudfunctions.operations.get","firebase.projects.get"]}
[debug] [2023-02-19T03:59:14.237Z] >>> [apiv2][query] POST https://iam.googleapis.com/v1/projects/nerg-one/serviceAccounts/nerg-one@appspot.gserviceaccount.com:testIamPermissions [none]
[debug] [2023-02-19T03:59:14.237Z] >>> [apiv2][body] POST https://iam.googleapis.com/v1/projects/nerg-one/serviceAccounts/nerg-one@appspot.gserviceaccount.com:testIamPermissions {"permissions":["iam.serviceAccounts.actAs"]}
[debug] [2023-02-19T03:59:14.421Z] <<< [apiv2][status] POST https://iam.googleapis.com/v1/projects/nerg-one/serviceAccounts/nerg-one@appspot.gserviceaccount.com:testIamPermissions 200
[debug] [2023-02-19T03:59:14.421Z] <<< [apiv2][body] POST https://iam.googleapis.com/v1/projects/nerg-one/serviceAccounts/nerg-one@appspot.gserviceaccount.com:testIamPermissions {"permissions":["iam.serviceAccounts.actAs"]}
[info] 
[info] === Deploying to 'nerg-one'...
[info] 
[info] i  deploying functions 
[debug] [2023-02-19T03:59:14.423Z] >>> [apiv2][query] GET https://firebase.googleapis.com/v1beta1/projects/nerg-one [none]
[debug] [2023-02-19T03:59:14.657Z] <<< [apiv2][status] GET https://firebase.googleapis.com/v1beta1/projects/nerg-one 200
[debug] [2023-02-19T03:59:14.657Z] <<< [apiv2][body] GET https://firebase.googleapis.com/v1beta1/projects/nerg-one {"projectId":"nerg-one","projectNumber":"765501377766","displayName":"NERG One","name":"projects/nerg-one","resources":{"hostingSite":"nerg-one","storageBucket":"nerg-one.appspot.com","locationId":"us-central"},"state":"ACTIVE","etag":"1_ab3dcdc7-ec97-4bf6-9a13-d20b1f916b10"}
[info] i  functions: preparing codebase default for deployment 
[info] i  functions: ensuring required API cloudfunctions.googleapis.com is enabled... 
[info] i  functions: ensuring required API cloudbuild.googleapis.com is enabled... 
[info] i  artifactregistry: ensuring required API artifactregistry.googleapis.com is enabled... 
[debug] [2023-02-19T03:59:14.658Z] >>> [apiv2][query] GET https://serviceusage.googleapis.com/v1/projects/nerg-one/services/cloudfunctions.googleapis.com [none]
[debug] [2023-02-19T03:59:14.658Z] >>> [apiv2][(partial)header] GET https://serviceusage.googleapis.com/v1/projects/nerg-one/services/cloudfunctions.googleapis.com x-goog-quota-user=projects/nerg-one
[debug] [2023-02-19T03:59:14.659Z] >>> [apiv2][query] GET https://serviceusage.googleapis.com/v1/projects/nerg-one/services/runtimeconfig.googleapis.com [none]
[debug] [2023-02-19T03:59:14.659Z] >>> [apiv2][(partial)header] GET https://serviceusage.googleapis.com/v1/projects/nerg-one/services/runtimeconfig.googleapis.com x-goog-quota-user=projects/nerg-one
[debug] [2023-02-19T03:59:14.659Z] >>> [apiv2][query] GET https://serviceusage.googleapis.com/v1/projects/nerg-one/services/cloudbuild.googleapis.com [none]
[debug] [2023-02-19T03:59:14.659Z] >>> [apiv2][(partial)header] GET https://serviceusage.googleapis.com/v1/projects/nerg-one/services/cloudbuild.googleapis.com x-goog-quota-user=projects/nerg-one
[debug] [2023-02-19T03:59:14.659Z] >>> [apiv2][query] GET https://serviceusage.googleapis.com/v1/projects/nerg-one/services/artifactregistry.googleapis.com [none]
[debug] [2023-02-19T03:59:14.659Z] >>> [apiv2][(partial)header] GET https://serviceusage.googleapis.com/v1/projects/nerg-one/services/artifactregistry.googleapis.com x-goog-quota-user=projects/nerg-one
[debug] [2023-02-19T03:59:14.911Z] <<< [apiv2][status] GET https://serviceusage.googleapis.com/v1/projects/nerg-one/services/cloudfunctions.googleapis.com 200
[debug] [2023-02-19T03:59:14.911Z] <<< [apiv2][body] GET https://serviceusage.googleapis.com/v1/projects/nerg-one/services/cloudfunctions.googleapis.com [omitted]
[info] ✔  functions: required API cloudfunctions.googleapis.com is enabled 
[debug] [2023-02-19T03:59:14.933Z] <<< [apiv2][status] GET https://serviceusage.googleapis.com/v1/projects/nerg-one/services/runtimeconfig.googleapis.com 200
[debug] [2023-02-19T03:59:14.933Z] <<< [apiv2][body] GET https://serviceusage.googleapis.com/v1/projects/nerg-one/services/runtimeconfig.googleapis.com [omitted]
[debug] [2023-02-19T03:59:14.935Z] <<< [apiv2][status] GET https://serviceusage.googleapis.com/v1/projects/nerg-one/services/artifactregistry.googleapis.com 200
[debug] [2023-02-19T03:59:14.935Z] <<< [apiv2][body] GET https://serviceusage.googleapis.com/v1/projects/nerg-one/services/artifactregistry.googleapis.com [omitted]
[info] ✔  artifactregistry: required API artifactregistry.googleapis.com is enabled 
[debug] [2023-02-19T03:59:14.939Z] <<< [apiv2][status] GET https://serviceusage.googleapis.com/v1/projects/nerg-one/services/cloudbuild.googleapis.com 200
[debug] [2023-02-19T03:59:14.939Z] <<< [apiv2][body] GET https://serviceusage.googleapis.com/v1/projects/nerg-one/services/cloudbuild.googleapis.com [omitted]
[info] ✔  functions: required API cloudbuild.googleapis.com is enabled 
[debug] [2023-02-19T03:59:14.939Z] >>> [apiv2][query] GET https://firebase.googleapis.com/v1beta1/projects/nerg-one/adminSdkConfig [none]
[debug] [2023-02-19T03:59:15.145Z] <<< [apiv2][status] GET https://firebase.googleapis.com/v1beta1/projects/nerg-one/adminSdkConfig 200
[debug] [2023-02-19T03:59:15.145Z] <<< [apiv2][body] GET https://firebase.googleapis.com/v1beta1/projects/nerg-one/adminSdkConfig {"projectId":"nerg-one","storageBucket":"nerg-one.appspot.com","locationId":"us-central"}
[debug] [2023-02-19T03:59:15.145Z] >>> [apiv2][query] GET https://runtimeconfig.googleapis.com/v1beta1/projects/nerg-one/configs [none]
[debug] [2023-02-19T03:59:15.340Z] <<< [apiv2][status] GET https://runtimeconfig.googleapis.com/v1beta1/projects/nerg-one/configs 200
[debug] [2023-02-19T03:59:15.340Z] <<< [apiv2][body] GET https://runtimeconfig.googleapis.com/v1beta1/projects/nerg-one/configs {}
[debug] [2023-02-19T03:59:15.341Z] Validating nodejs source
[debug] [2023-02-19T03:59:16.219Z] > [functions] package.json contents: {
  "name": "functions",
  "description": "Cloud Functions for Firebase",
  "scripts": {
    "serve": "firebase emulators:start --only functions",
    "shell": "firebase functions:shell",
    "start": "npm run shell",
    "deploy": "firebase deploy --only functions",
    "logs": "firebase functions:log",
    "test": "mocha --reporter spec"
  },
  "engines": {
    "node": "16"
  },
  "main": "index.js",
  "dependencies": {
    "cors": "^2.8.5",
    "express": "^4.18.2",
    "firebase": "^9.17.1",
    "firebase-admin": "^11.5.0",
    "firebase-functions": "^4.2.1",
    "is-email": "^1.0.2",
    "morgan": "^1.10.0"
  },
  "devDependencies": {
    "firebase-functions-test": "^0.2.3",
    "mocha": "^10.2.0"
  },
  "private": true
}
[debug] [2023-02-19T03:59:16.219Z] Building nodejs source
[debug] [2023-02-19T03:59:16.220Z] Could not find functions.yaml. Must use http discovery
[debug] [2023-02-19T03:59:16.224Z] Found firebase-functions binary at '/Users/rebeccachoo/Desktop/Rebecca/nerg-one-backend/functions/node_modules/.bin/firebase-functions'
[debug] [2023-02-19T03:59:16.335Z] Serving at port 8395

[debug] [2023-02-19T03:59:16.635Z] Got response from /__/functions.yaml {"endpoints":{"api":{"platform":"gcfv1","availableMemoryMb":null,"timeoutSeconds":null,"minInstances":null,"maxInstances":null,"ingressSettings":null,"serviceAccountEmail":null,"vpc":null,"httpsTrigger":{},"entryPoint":"api"}},"specVersion":"v1alpha1","requiredAPIs":[]}
[debug] [2023-02-19T03:59:16.639Z] shutdown requested via /__/quitquitquit

[info] i  functions: preparing functions directory for uploading... 
[info] i  functions: packaged /Users/rebeccachoo/Desktop/Rebecca/nerg-one-backend/functions (102.23 KB) for uploading 
[debug] [2023-02-19T03:59:16.671Z] >>> [apiv2][query] GET https://cloudfunctions.googleapis.com/v1/projects/nerg-one/locations/-/functions [none]
[debug] [2023-02-19T03:59:17.236Z] <<< [apiv2][status] GET https://cloudfunctions.googleapis.com/v1/projects/nerg-one/locations/-/functions 200
[debug] [2023-02-19T03:59:17.236Z] <<< [apiv2][body] GET https://cloudfunctions.googleapis.com/v1/projects/nerg-one/locations/-/functions {"functions":[{"name":"projects/nerg-one/locations/us-central1/functions/api","httpsTrigger":{"url":"https://us-central1-nerg-one.cloudfunctions.net/api","securityLevel":"SECURE_ALWAYS"},"status":"ACTIVE","entryPoint":"api","timeout":"60s","availableMemoryMb":256,"serviceAccountEmail":"nerg-one@appspot.gserviceaccount.com","updateTime":"2023-02-19T01:45:41.404Z","versionId":"76","labels":{"deployment-tool":"cli-firebase","firebase-functions-hash":"f47768c63baa0d116e0e5b2f1ff84cab33b72165"},"sourceUploadUrl":"https://storage.googleapis.com/uploads-207795347975.us-central1.cloudfunctions.appspot.com/487e1618-730d-4077-af6d-abdac19456b6.zip","environmentVariables":{"FIREBASE_CONFIG":"{\"projectId\":\"nerg-one\",\"storageBucket\":\"nerg-one.appspot.com\",\"locationId\":\"us-central\"}","GCLOUD_PROJECT":"nerg-one","EVENTARC_CLOUD_EVENT_SOURCE":"projects/nerg-one/locations/us-central1/functions/api"},"runtime":"nodejs16","ingressSettings":"ALLOW_ALL","buildId":"c193332a-b47f-441a-be84-e34617cf36fe","buildName":"projects/765501377766/locations/us-central1/builds/c193332a-b47f-441a-be84-e34617cf36fe","dockerRegistry":"ARTIFACT_REGISTRY"}]}
[debug] [2023-02-19T03:59:17.237Z] >>> [apiv2][query] GET https://cloudfunctions.googleapis.com/v2/projects/nerg-one/locations/-/functions filter=environment%3D%22GEN_2%22
